# JRE version: OpenJDK Runtime Environment (21.0.8+9) (build 21.0.8+9-Ubuntu-0ubuntu124.04.1)
# Java VM: OpenJDK 64-Bit Server VM (21.0.8+9-Ubuntu-0ubuntu124.04.1, mixed mode, emulated-client, sharing, tiered, compressed oops, compressed class ptrs, g1 gc, linux-amd64)
GC Precious Log:
 CardTable entry size: 512
 Card Set container configuration: InlinePtr #cards 4 size 8 Array Of Cards #cards 16 size 48 Howl #buckets 8 coarsen threshold 3686 Howl Bitmap #cards 512 size 80 coarsen threshold 460 Card regions per heap region 1 cards per card region 4096
 CPUs: 16 total, 16 available
 Memory: 15262M
 Large Page Support: Disabled
 NUMA Support: Disabled
 Compressed Oops: Enabled (Zero based)
 Heap Region Size: 2M
 Heap Min Capacity: 8M
 Heap Initial Capacity: 240M
 Heap Max Capacity: 3816M
 Pre-touch: Disabled
 Parallel Workers: 13
 Concurrent Workers: 3
 Concurrent Refinement Workers: 13
 Periodic GC: Disabled
Heap:
 garbage-first heap   total 75776K, used 47745K [0x0000000711800000, 0x0000000800000000)
  region size 2048K, 14 young (28672K), 3 survivors (6144K)
 Metaspace       used 68428K, committed 69120K, reserved 1114112K
  class space    used 9580K, committed 9856K, reserved 1048576K
GC Heap History (20 events):
Event: 0.318 GC heap before
{Heap before GC invocations=1 (full 0):
 garbage-first heap   total 247808K, used 34381K [0x0000000711800000, 0x0000000800000000)
  region size 2048K, 16 young (32768K), 2 survivors (4096K)
 Metaspace       used 11437K, committed 11776K, reserved 1114112K
  class space    used 1566K, committed 1728K, reserved 1048576K
}
Event: 0.321 GC heap after
{Heap after GC invocations=2 (full 0):
 garbage-first heap   total 247808K, used 10228K [0x0000000711800000, 0x0000000800000000)
  region size 2048K, 2 young (4096K), 2 survivors (4096K)
 Metaspace       used 11437K, committed 11776K, reserved 1114112K
  class space    used 1566K, committed 1728K, reserved 1048576K
}
Event: 0.417 GC heap before
{Heap before GC invocations=2 (full 0):
 garbage-first heap   total 247808K, used 38900K [0x0000000711800000, 0x0000000800000000)
  region size 2048K, 17 young (34816K), 2 survivors (4096K)
 Metaspace       used 17269K, committed 17600K, reserved 1114112K
  class space    used 2365K, committed 2496K, reserved 1048576K
}
Event: 0.419 GC heap after
{Heap after GC invocations=3 (full 0):
 garbage-first heap   total 247808K, used 13403K [0x0000000711800000, 0x0000000800000000)
  region size 2048K, 3 young (6144K), 3 survivors (6144K)
 Metaspace       used 17269K, committed 17600K, reserved 1114112K
  class space    used 2365K, committed 2496K, reserved 1048576K
}
Event: 0.635 GC heap before
{Heap before GC invocations=4 (full 0):
 garbage-first heap   total 55296K, used 52315K [0x0000000711800000, 0x0000000800000000)
  region size 2048K, 22 young (45056K), 3 survivors (6144K)
 Metaspace       used 21472K, committed 21952K, reserved 1114112K
  class space    used 3034K, committed 3264K, reserved 1048576K
}
Event: 0.640 GC heap after
{Heap after GC invocations=5 (full 0):
 garbage-first heap   total 65536K, used 17034K [0x0000000711800000, 0x0000000800000000)
  region size 2048K, 5 young (10240K), 5 survivors (10240K)
 Metaspace       used 21472K, committed 21952K, reserved 1114112K
  class space    used 3034K, committed 3264K, reserved 1048576K
}
Event: 0.798 GC heap before
{Heap before GC invocations=5 (full 0):
 garbage-first heap   total 65536K, used 45706K [0x0000000711800000, 0x0000000800000000)
  region size 2048K, 19 young (38912K), 5 survivors (10240K)
 Metaspace       used 26418K, committed 26880K, reserved 1114112K
  class space    used 3736K, committed 3968K, reserved 1048576K
}
Event: 0.801 GC heap after
{Heap after GC invocations=6 (full 0):
 garbage-first heap   total 79872K, used 18647K [0x0000000711800000, 0x0000000800000000)
  region size 2048K, 2 young (4096K), 2 survivors (4096K)
 Metaspace       used 26418K, committed 26880K, reserved 1114112K
  class space    used 3736K, committed 3968K, reserved 1048576K
}
Event: 0.858 GC heap before
{Heap before GC invocations=6 (full 0):
 garbage-first heap   total 79872K, used 28887K [0x0000000711800000, 0x0000000800000000)
  region size 2048K, 8 young (16384K), 2 survivors (4096K)
 Metaspace       used 28935K, committed 29376K, reserved 1114112K
  class space    used 4079K, committed 4288K, reserved 1048576K
}
Event: 0.860 GC heap after
{Heap after GC invocations=7 (full 0):
 garbage-first heap   total 79872K, used 18947K [0x0000000711800000, 0x0000000800000000)
  region size 2048K, 2 young (4096K), 2 survivors (4096K)
 Metaspace       used 28935K, committed 29376K, reserved 1114112K
  class space    used 4079K, committed 4288K, reserved 1048576K
}
Event: 1.188 GC heap before
{Heap before GC invocations=8 (full 0):
 garbage-first heap   total 75776K, used 61955K [0x0000000711800000, 0x0000000800000000)
  region size 2048K, 23 young (47104K), 2 survivors (4096K)
 Metaspace       used 43028K, committed 43584K, reserved 1114112K
  class space    used 6017K, committed 6272K, reserved 1048576K
}
Event: 1.190 GC heap after
{Heap after GC invocations=9 (full 0):
 garbage-first heap   total 75776K, used 21994K [0x0000000711800000, 0x0000000800000000)
  region size 2048K, 3 young (6144K), 3 survivors (6144K)
 Metaspace       used 43028K, committed 43584K, reserved 1114112K
  class space    used 6017K, committed 6272K, reserved 1048576K
}
Event: 1.315 GC heap before
{Heap before GC invocations=9 (full 0):
 garbage-first heap   total 75776K, used 42474K [0x0000000711800000, 0x0000000800000000)
  region size 2048K, 15 young (30720K), 3 survivors (6144K)
 Metaspace       used 48890K, committed 49408K, reserved 1114112K
  class space    used 6869K, committed 7104K, reserved 1048576K
}
Event: 1.317 GC heap after
{Heap after GC invocations=10 (full 0):
 garbage-first heap   total 75776K, used 23171K [0x0000000711800000, 0x0000000800000000)
  region size 2048K, 3 young (6144K), 3 survivors (6144K)
 Metaspace       used 48890K, committed 49408K, reserved 1114112K
  class space    used 6869K, committed 7104K, reserved 1048576K
}
Event: 1.325 GC heap before
{Heap before GC invocations=10 (full 0):
 garbage-first heap   total 75776K, used 23171K [0x0000000711800000, 0x0000000800000000)
  region size 2048K, 4 young (8192K), 3 survivors (6144K)
 Metaspace       used 49216K, committed 49728K, reserved 1114112K
  class space    used 6876K, committed 7104K, reserved 1048576K
}
Event: 1.327 GC heap after
{Heap after GC invocations=11 (full 0):
 garbage-first heap   total 75776K, used 23832K [0x0000000711800000, 0x0000000800000000)
  region size 2048K, 1 young (2048K), 1 survivors (2048K)
 Metaspace       used 49216K, committed 49728K, reserved 1114112K
  class space    used 6876K, committed 7104K, reserved 1048576K
}
Event: 1.548 GC heap before
{Heap before GC invocations=12 (full 0):
 garbage-first heap   total 75776K, used 60696K [0x0000000711800000, 0x0000000800000000)
  region size 2048K, 19 young (38912K), 1 survivors (2048K)
 Metaspace       used 56239K, committed 56768K, reserved 1114112K
  class space    used 7993K, committed 8192K, reserved 1048576K
}
Event: 1.549 GC heap after
{Heap after GC invocations=13 (full 0):
 garbage-first heap   total 75776K, used 25515K [0x0000000711800000, 0x0000000800000000)
  region size 2048K, 2 young (4096K), 2 survivors (4096K)
 Metaspace       used 56239K, committed 56768K, reserved 1114112K
  class space    used 7993K, committed 8192K, reserved 1048576K
}
Event: 1.791 GC heap before
{Heap before GC invocations=13 (full 0):
 garbage-first heap   total 75776K, used 62379K [0x0000000711800000, 0x0000000800000000)
  region size 2048K, 20 young (40960K), 2 survivors (4096K)
 Metaspace       used 62436K, committed 63168K, reserved 1114112K
  class space    used 8862K, committed 9152K, reserved 1048576K
}
Event: 1.794 GC heap after
{Heap after GC invocations=14 (full 0):
 garbage-first heap   total 75776K, used 29313K [0x0000000711800000, 0x0000000800000000)
  region size 2048K, 3 young (6144K), 3 survivors (6144K)
 Metaspace       used 62436K, committed 63168K, reserved 1114112K
  class space    used 8862K, committed 9152K, reserved 1048576K
}

